<?xml version="1.0" encoding="UTF-8"?>
<!-- Generated by org.testng.reporters.JUnitReportReporter -->
<testsuite hostname="LAPTOP-L25S7ADE" failures="0" tests="3" name="TestNG.Ex13_ForDisableTCfromTestClass" time="0.014" errors="0" timestamp="2022-11-25T17:40:01 IST" skipped="0">
  <testcase classname="TestNG.Ex13_ForDisableTCfromTestClass" name="TC1" time="0.012"/>
  <system-out>
    <![CDATA[----Running TC1----]]>
  </system-out>
  <testcase classname="TestNG.Ex13_ForDisableTCfromTestClass" name="TC2" time="0.001"/>
  <system-out>
    <![CDATA[----Running TC2----]]>
  </system-out>
  <testcase classname="TestNG.Ex13_ForDisableTCfromTestClass" name="TC3" time="0.001"/>
  <system-out>
    <![CDATA[----Running TC3----]]>
  </system-out>
</testsuite> <!-- TestNG.Ex13_ForDisableTCfromTestClass -->
