<?xml version="1.0" encoding="UTF-8"?>
<!-- Generated by org.testng.reporters.JUnitReportReporter -->
<testsuite hostname="LAPTOP-L25S7ADE" failures="0" tests="1" name="TestNG.Ex9_Keyword4_TimeOut" time="0.011" errors="0" timestamp="2022-11-23T15:40:52 IST" skipped="0">
  <testcase classname="TestNG.Ex9_Keyword4_TimeOut" name="TC2" time="0.011"/>
  <system-out>
    <![CDATA[----rinning TC2----]]>
  </system-out>
</testsuite> <!-- TestNG.Ex9_Keyword4_TimeOut -->
