<?xml version="1.0" encoding="UTF-8"?>
<!-- Generated by org.testng.reporters.JUnitReportReporter -->
<testsuite hostname="LAPTOP-L25S7ADE" failures="0" tests="1" name="TestNG.Ex16_RunningParallelFacebookAndGoogle" time="23.377" errors="0" timestamp="2022-11-25T19:00:24 IST" skipped="0">
  <testcase classname="TestNG.Ex16_RunningParallelFacebookAndGoogle" name="OpenFacebook" time="23.377"/>
  <system-out/>
</testsuite> <!-- TestNG.Ex16_RunningParallelFacebookAndGoogle -->
