<?xml version="1.0" encoding="UTF-8"?>
<!-- Generated by org.testng.reporters.JUnitReportReporter -->
<testsuite hostname="LAPTOP-L25S7ADE" failures="0" tests="2" name="TestNG.Ex10_Keyword5_DependsOnMethods" time="0.012" errors="0" timestamp="2022-11-22T14:58:29 IST" skipped="0">
  <testcase classname="TestNG.Ex10_Keyword5_DependsOnMethods" name="TC1" time="0.011"/>
  <system-out>
    <![CDATA[---Running TC1-------]]>
  </system-out>
  <testcase classname="TestNG.Ex10_Keyword5_DependsOnMethods" name="TC2" time="0.001"/>
  <system-out>
    <![CDATA[---Running TC2----]]>
  </system-out>
</testsuite> <!-- TestNG.Ex10_Keyword5_DependsOnMethods -->
