<?xml version="1.0" encoding="UTF-8"?>
<!-- Generated by org.testng.reporters.JUnitReportReporter -->
<testsuite hostname="LAPTOP-L25S7ADE" failures="0" tests="2" name="Logical_Programs.Ex2_SumInPrintingStatemenrt" time="0.006" errors="0" timestamp="2022-11-24T13:22:35 IST" skipped="0">
  <testcase classname="Logical_Programs.Ex2_SumInPrintingStatemenrt" name="TC2" time="0.001"/>
  <system-out/>
  <testcase classname="Logical_Programs.Ex2_SumInPrintingStatemenrt" name="TC1" time="0.005"/>
  <system-out/>
</testsuite> <!-- Logical_Programs.Ex2_SumInPrintingStatemenrt -->
