<?xml version="1.0" encoding="UTF-8"?>
<!-- Generated by org.testng.reporters.JUnitReportReporter -->
<testsuite hostname="LAPTOP-L25S7ADE" failures="0" tests="1" name="TestNG.Ex_15_GroupingAndRun" time="0.001" errors="0" timestamp="2022-11-27T19:47:35 IST" skipped="0">
  <testcase classname="TestNG.Ex_15_GroupingAndRun" name="TC8" time="0.001"/>
  <system-out>
    <![CDATA[----Running TC8----]]>
  </system-out>
</testsuite> <!-- TestNG.Ex_15_GroupingAndRun -->
