<?xml version="1.0" encoding="UTF-8"?>
<!-- Generated by org.testng.reporters.JUnitReportReporter -->
<testsuite hostname="LAPTOP-L25S7ADE" failures="0" tests="2" name="TestNG.Ex12_SoftAssertClass1" time="0.014" errors="0" timestamp="2022-11-24T13:39:04 IST" skipped="0">
  <testcase classname="TestNG.Ex12_SoftAssertClass1" name="TC10" time="0.012"/>
  <system-out/>
  <testcase classname="TestNG.Ex12_SoftAssertClass1" name="TC11" time="0.002"/>
  <system-out/>
</testsuite> <!-- TestNG.Ex12_SoftAssertClass1 -->
