<?xml version="1.0" encoding="UTF-8"?>
<!-- Generated by org.testng.reporters.JUnitReportReporter -->
<testsuite hostname="LAPTOP-L25S7ADE" failures="0" tests="4" name="TestNG.Ex7_Keyword3_Priority" time="0.012" errors="0" timestamp="2022-11-22T14:59:54 IST" skipped="0">
  <testcase classname="TestNG.Ex7_Keyword3_Priority" name="TC4" time="0.000"/>
  <system-out>
    <![CDATA[----Running TC4--------]]>
  </system-out>
  <testcase classname="TestNG.Ex7_Keyword3_Priority" name="TC2" time="0.009"/>
  <system-out>
    <![CDATA[----Running TC2--------]]>
  </system-out>
  <testcase classname="TestNG.Ex7_Keyword3_Priority" name="TC1" time="0.002"/>
  <system-out>
    <![CDATA[----Running TC1--------]]>
  </system-out>
  <testcase classname="TestNG.Ex7_Keyword3_Priority" name="TC3" time="0.001"/>
  <system-out>
    <![CDATA[----Running TC3--------]]>
  </system-out>
</testsuite> <!-- TestNG.Ex7_Keyword3_Priority -->
