<?xml version="1.0" encoding="UTF-8"?>
<!-- Generated by org.testng.reporters.JUnitReportReporter -->
<testsuite hostname="LAPTOP-L25S7ADE" failures="0" tests="2" name="TestNG.Ex10_sample2" time="0.002" errors="0" timestamp="2022-11-25T16:52:46 IST" skipped="0">
  <testcase classname="TestNG.Ex10_sample2" name="TC3" time="0.001"/>
  <system-out>
    <![CDATA[---Running TC3----]]>
  </system-out>
  <testcase classname="TestNG.Ex10_sample2" name="TC4" time="0.001"/>
  <system-out>
    <![CDATA[---Running TC4----]]>
  </system-out>
</testsuite> <!-- TestNG.Ex10_sample2 -->
