<?xml version="1.0" encoding="UTF-8"?>
<!-- Generated by org.testng.reporters.JUnitReportReporter -->
<testsuite hostname="LAPTOP-L25S7ADE" failures="0" tests="2" name="TestNG.Ex_5_Keyword_InvocationCount" time="0.013" errors="0" timestamp="2022-11-21T19:34:03 IST" skipped="0">
  <testcase classname="TestNG.Ex_5_Keyword_InvocationCount" name="TC1" time="0.011"/>
  <system-out>
    <![CDATA[-----Running TC1-----]]>
  </system-out>
  <testcase classname="TestNG.Ex_5_Keyword_InvocationCount" name="TC1" time="0.002"/>
  <system-out>
    <![CDATA[-----Running TC1-----]]>
  </system-out>
</testsuite> <!-- TestNG.Ex_5_Keyword_InvocationCount -->
