<?xml version="1.0" encoding="UTF-8"?>
<!-- Generated by org.testng.reporters.JUnitReportReporter -->
<testsuite hostname="LAPTOP-L25S7ADE" failures="0" tests="4" name="POM_DDF_TestNG_BaseClass_UtilityClass.TestNGtestClasss" time="1.858" errors="0" timestamp="2022-12-21T12:06:58 IST" skipped="0">
  <testcase classname="POM_DDF_TestNG_BaseClass_UtilityClass.TestNGtestClasss" name="Username" time="1.385"/>
  <system-out/>
  <testcase classname="POM_DDF_TestNG_BaseClass_UtilityClass.TestNGtestClasss" name="password" time="0.234"/>
  <system-out/>
  <testcase classname="POM_DDF_TestNG_BaseClass_UtilityClass.TestNGtestClasss" name="loginbtn" time="0.118"/>
  <system-out/>
  <testcase classname="POM_DDF_TestNG_BaseClass_UtilityClass.TestNGtestClasss" name="VerifyPN" time="0.121"/>
  <system-out/>
</testsuite> <!-- POM_DDF_TestNG_BaseClass_UtilityClass.TestNGtestClasss -->
