<?xml version="1.0" encoding="UTF-8"?>
<!-- Generated by org.testng.reporters.JUnitReportReporter -->
<testsuite hostname="LAPTOP-L25S7ADE" failures="0" tests="2" name="TestNG.Ex17_MultibrowerTesting" time="14.120" errors="0" timestamp="2022-11-28T13:13:36 IST" skipped="0">
  <testcase classname="TestNG.Ex17_MultibrowerTesting" name="OpenBrowser" time="5.766"/>
  <system-out/>
  <testcase classname="TestNG.Ex17_MultibrowerTesting" name="OpenBrowser" time="8.354"/>
  <system-out/>
</testsuite> <!-- TestNG.Ex17_MultibrowerTesting -->
