<?xml version="1.0" encoding="UTF-8"?>
<!-- Generated by org.testng.reporters.JUnitReportReporter -->
<testsuite hostname="LAPTOP-L25S7ADE" failures="0" tests="2" name="TestNG.Ex4_TestAnotations" time="0.013" errors="0" timestamp="2022-11-21T19:31:05 IST" skipped="0">
  <testcase classname="TestNG.Ex4_TestAnotations" name="VerifyUserID2" time="0.003"/>
  <system-out>
    <![CDATA[---VerifyUserID2----]]>
  </system-out>
  <testcase classname="TestNG.Ex4_TestAnotations" name="VerifyUserID1" time="0.010"/>
  <system-out>
    <![CDATA[---Verify UserID1---]]>
  </system-out>
</testsuite> <!-- TestNG.Ex4_TestAnotations -->
