<?xml version="1.0" encoding="UTF-8"?>
<!-- Generated by org.testng.reporters.JUnitReportReporter -->
<testsuite hostname="LAPTOP-L25S7ADE" failures="0" tests="4" name="TestNG.Ex6_Keyword2_Enabled" time="0.011" errors="0" timestamp="2022-11-21T20:03:15 IST" skipped="2">
  <testcase classname="TestNG.Ex6_Keyword2_Enabled" name="TC4" time="0.001"/>
  <system-out>
    <![CDATA[---Running TC4-----]]>
  </system-out>
  <testcase classname="TestNG.Ex6_Keyword2_Enabled" name="TC2" time="0.010"/>
  <system-out>
    <![CDATA[---Running TC2-----]]>
  </system-out>
  <testcase classname="TestNG.Ex6_Keyword2_Enabled" name="TC1">
    <skipped/>
  </testcase> <!-- TC1 -->
  <system-out/>
  <testcase classname="TestNG.Ex6_Keyword2_Enabled" name="TC3">
    <skipped/>
  </testcase> <!-- TC3 -->
  <system-out/>
</testsuite> <!-- TestNG.Ex6_Keyword2_Enabled -->
