<?xml version="1.0" encoding="UTF-8"?>
<!-- Generated by org.testng.reporters.JUnitReportReporter -->
<testsuite hostname="LAPTOP-L25S7ADE" failures="0" tests="1" name="TestNG.Ex10_sample1" time="0.012" errors="0" timestamp="2022-11-25T16:52:46 IST" skipped="0">
  <testcase classname="TestNG.Ex10_sample1" name="TC2" time="0.012"/>
  <system-out>
    <![CDATA[---Running TC2----]]>
  </system-out>
</testsuite> <!-- TestNG.Ex10_sample1 -->
