<?xml version="1.0" encoding="UTF-8"?>
<!-- Generated by org.testng.reporters.JUnitReportReporter -->
<testsuite hostname="LAPTOP-L25S7ADE" failures="0" tests="4" name="TestNG.Ex8_Keyword_Priority2" time="0.013" errors="0" timestamp="2022-11-21T20:03:28 IST" skipped="0">
  <testcase classname="TestNG.Ex8_Keyword_Priority2" name="TC1" time="0.009"/>
  <system-out>
    <![CDATA[---Running TC1--------]]>
  </system-out>
  <testcase classname="TestNG.Ex8_Keyword_Priority2" name="TC3" time="0.002"/>
  <system-out>
    <![CDATA[---Running TC3--------]]>
  </system-out>
  <testcase classname="TestNG.Ex8_Keyword_Priority2" name="TC4" time="0.001"/>
  <system-out>
    <![CDATA[---Running TC4--------]]>
  </system-out>
  <testcase classname="TestNG.Ex8_Keyword_Priority2" name="TC2" time="0.001"/>
  <system-out>
    <![CDATA[---Running TC2--------]]>
  </system-out>
</testsuite> <!-- TestNG.Ex8_Keyword_Priority2 -->
