<?xml version="1.0" encoding="UTF-8"?>
<!-- Generated by org.testng.reporters.JUnitReportReporter -->
<testsuite hostname="LAPTOP-L25S7ADE" failures="0" tests="2" name="TestNG.Ex15_GroupingAndRun" time="0.014" errors="0" timestamp="2022-11-27T19:47:35 IST" skipped="0">
  <testcase classname="TestNG.Ex15_GroupingAndRun" name="TC2" time="0.001"/>
  <system-out>
    <![CDATA[----Running TC2----]]>
  </system-out>
  <testcase classname="TestNG.Ex15_GroupingAndRun" name="TC1" time="0.013"/>
  <system-out>
    <![CDATA[----Running TC1----]]>
  </system-out>
</testsuite> <!-- TestNG.Ex15_GroupingAndRun -->
